<?xml version="1.0" encoding="UTF-8"?>
<testng-results skipped="0" failed="0" ignored="0" total="1" passed="1">
  <reporter-output>
  </reporter-output>
  <suite name="Surefire suite" duration-ms="10962" started-at="2018-03-23T14:41:14Z" finished-at="2018-03-23T14:41:25Z">
    <groups>
    </groups>
    <test name="Surefire test" duration-ms="10962" started-at="2018-03-23T14:41:14Z" finished-at="2018-03-23T14:41:25Z">
      <class name="ExampleTest">
        <test-method status="PASS" signature="isTheSearchResultCorrect()[pri:0, instance:ExampleTest@58399d82]" name="isTheSearchResultCorrect" duration-ms="9502" started-at="2018-03-23T16:41:14Z" description="Check the search result" finished-at="2018-03-23T16:41:24Z">
          <reporter-output>
          </reporter-output>
        </test-method> <!-- isTheSearchResultCorrect -->
        <test-method status="PASS" signature="deleteAllCookies()[pri:0, instance:ExampleTest@58399d82]" name="deleteAllCookies" is-config="true" duration-ms="648" started-at="2018-03-23T16:41:24Z" finished-at="2018-03-23T16:41:25Z">
          <reporter-output>
          </reporter-output>
        </test-method> <!-- deleteAllCookies -->
        <test-method status="PASS" signature="suiteTearDown()[pri:0, instance:ExampleTest@58399d82]" name="suiteTearDown" is-config="true" duration-ms="734" started-at="2018-03-23T16:41:25Z" finished-at="2018-03-23T16:41:25Z">
          <reporter-output>
          </reporter-output>
        </test-method> <!-- suiteTearDown -->
      </class> <!-- ExampleTest -->
    </test> <!-- Surefire test -->
  </suite> <!-- Surefire suite -->
</testng-results>
